<?xml version="1.0" encoding="UTF-8"?>
<testsuite xmlns:xsi="http://www.w3.org/2001/XMLSchema-instance" xsi:noNamespaceSchemaLocation="https://maven.apache.org/surefire/maven-surefire-plugin/xsd/surefire-test-report.xsd" name="com.ml.java.demo.DemoApplicationTests" time="3.804" tests="1" errors="0" skipped="0" failures="0">
  <properties>
    <property name="sun.desktop" value="gnome"/>
    <property name="awt.toolkit" value="sun.awt.X11.XToolkit"/>
    <property name="file.encoding.pkg" value="sun.io"/>
    <property name="java.specification.version" value="1.8"/>
    <property name="sun.cpu.isalist" value=""/>
    <property name="sun.jnu.encoding" value="UTF-8"/>
    <property name="java.class.path" value="/home/adaj/Projects/java-deeplearning-api-demo/target/test-classes:/home/adaj/Projects/java-deeplearning-api-demo/target/classes:/home/adaj/.m2/repository/org/springframework/boot/spring-boot-starter-web/2.2.0.M6/spring-boot-starter-web-2.2.0.M6.jar:/home/adaj/.m2/repository/org/springframework/boot/spring-boot-starter/2.2.0.M6/spring-boot-starter-2.2.0.M6.jar:/home/adaj/.m2/repository/org/springframework/boot/spring-boot/2.2.0.M6/spring-boot-2.2.0.M6.jar:/home/adaj/.m2/repository/org/springframework/boot/spring-boot-autoconfigure/2.2.0.M6/spring-boot-autoconfigure-2.2.0.M6.jar:/home/adaj/.m2/repository/org/springframework/boot/spring-boot-starter-logging/2.2.0.M6/spring-boot-starter-logging-2.2.0.M6.jar:/home/adaj/.m2/repository/ch/qos/logback/logback-classic/1.2.3/logback-classic-1.2.3.jar:/home/adaj/.m2/repository/ch/qos/logback/logback-core/1.2.3/logback-core-1.2.3.jar:/home/adaj/.m2/repository/org/apache/logging/log4j/log4j-to-slf4j/2.12.1/log4j-to-slf4j-2.12.1.jar:/home/adaj/.m2/repository/org/apache/logging/log4j/log4j-api/2.12.1/log4j-api-2.12.1.jar:/home/adaj/.m2/repository/org/slf4j/jul-to-slf4j/1.7.28/jul-to-slf4j-1.7.28.jar:/home/adaj/.m2/repository/jakarta/annotation/jakarta.annotation-api/1.3.5/jakarta.annotation-api-1.3.5.jar:/home/adaj/.m2/repository/org/yaml/snakeyaml/1.25/snakeyaml-1.25.jar:/home/adaj/.m2/repository/org/springframework/boot/spring-boot-starter-json/2.2.0.M6/spring-boot-starter-json-2.2.0.M6.jar:/home/adaj/.m2/repository/com/fasterxml/jackson/core/jackson-databind/2.9.9.3/jackson-databind-2.9.9.3.jar:/home/adaj/.m2/repository/com/fasterxml/jackson/core/jackson-annotations/2.9.0/jackson-annotations-2.9.0.jar:/home/adaj/.m2/repository/com/fasterxml/jackson/core/jackson-core/2.9.9/jackson-core-2.9.9.jar:/home/adaj/.m2/repository/com/fasterxml/jackson/datatype/jackson-datatype-jdk8/2.9.9/jackson-datatype-jdk8-2.9.9.jar:/home/adaj/.m2/repository/com/fasterxml/jackson/datatype/jackson-datatype-jsr310/2.9.9/jackson-datatype-jsr310-2.9.9.jar:/home/adaj/.m2/repository/com/fasterxml/jackson/module/jackson-module-parameter-names/2.9.9/jackson-module-parameter-names-2.9.9.jar:/home/adaj/.m2/repository/org/springframework/boot/spring-boot-starter-tomcat/2.2.0.M6/spring-boot-starter-tomcat-2.2.0.M6.jar:/home/adaj/.m2/repository/org/apache/tomcat/embed/tomcat-embed-core/9.0.24/tomcat-embed-core-9.0.24.jar:/home/adaj/.m2/repository/org/apache/tomcat/embed/tomcat-embed-el/9.0.24/tomcat-embed-el-9.0.24.jar:/home/adaj/.m2/repository/org/apache/tomcat/embed/tomcat-embed-websocket/9.0.24/tomcat-embed-websocket-9.0.24.jar:/home/adaj/.m2/repository/org/springframework/boot/spring-boot-starter-validation/2.2.0.M6/spring-boot-starter-validation-2.2.0.M6.jar:/home/adaj/.m2/repository/jakarta/validation/jakarta.validation-api/2.0.1/jakarta.validation-api-2.0.1.jar:/home/adaj/.m2/repository/org/hibernate/validator/hibernate-validator/6.0.17.Final/hibernate-validator-6.0.17.Final.jar:/home/adaj/.m2/repository/org/jboss/logging/jboss-logging/3.4.1.Final/jboss-logging-3.4.1.Final.jar:/home/adaj/.m2/repository/com/fasterxml/classmate/1.5.0/classmate-1.5.0.jar:/home/adaj/.m2/repository/org/springframework/spring-web/5.2.0.RC2/spring-web-5.2.0.RC2.jar:/home/adaj/.m2/repository/org/springframework/spring-beans/5.2.0.RC2/spring-beans-5.2.0.RC2.jar:/home/adaj/.m2/repository/org/springframework/spring-webmvc/5.2.0.RC2/spring-webmvc-5.2.0.RC2.jar:/home/adaj/.m2/repository/org/springframework/spring-aop/5.2.0.RC2/spring-aop-5.2.0.RC2.jar:/home/adaj/.m2/repository/org/springframework/spring-context/5.2.0.RC2/spring-context-5.2.0.RC2.jar:/home/adaj/.m2/repository/org/springframework/spring-expression/5.2.0.RC2/spring-expression-5.2.0.RC2.jar:/home/adaj/.m2/repository/org/springframework/boot/spring-boot-starter-test/2.2.0.M6/spring-boot-starter-test-2.2.0.M6.jar:/home/adaj/.m2/repository/org/springframework/boot/spring-boot-test/2.2.0.M6/spring-boot-test-2.2.0.M6.jar:/home/adaj/.m2/repository/org/springframework/boot/spring-boot-test-autoconfigure/2.2.0.M6/spring-boot-test-autoconfigure-2.2.0.M6.jar:/home/adaj/.m2/repository/com/jayway/jsonpath/json-path/2.4.0/json-path-2.4.0.jar:/home/adaj/.m2/repository/net/minidev/json-smart/2.3/json-smart-2.3.jar:/home/adaj/.m2/repository/net/minidev/accessors-smart/1.2/accessors-smart-1.2.jar:/home/adaj/.m2/repository/org/ow2/asm/asm/5.0.4/asm-5.0.4.jar:/home/adaj/.m2/repository/org/slf4j/slf4j-api/1.7.28/slf4j-api-1.7.28.jar:/home/adaj/.m2/repository/jakarta/xml/bind/jakarta.xml.bind-api/2.3.2/jakarta.xml.bind-api-2.3.2.jar:/home/adaj/.m2/repository/jakarta/activation/jakarta.activation-api/1.2.1/jakarta.activation-api-1.2.1.jar:/home/adaj/.m2/repository/org/junit/jupiter/junit-jupiter/5.5.2/junit-jupiter-5.5.2.jar:/home/adaj/.m2/repository/org/junit/jupiter/junit-jupiter-api/5.5.2/junit-jupiter-api-5.5.2.jar:/home/adaj/.m2/repository/org/apiguardian/apiguardian-api/1.1.0/apiguardian-api-1.1.0.jar:/home/adaj/.m2/repository/org/opentest4j/opentest4j/1.2.0/opentest4j-1.2.0.jar:/home/adaj/.m2/repository/org/junit/platform/junit-platform-commons/1.5.2/junit-platform-commons-1.5.2.jar:/home/adaj/.m2/repository/org/junit/jupiter/junit-jupiter-params/5.5.2/junit-jupiter-params-5.5.2.jar:/home/adaj/.m2/repository/org/junit/jupiter/junit-jupiter-engine/5.5.2/junit-jupiter-engine-5.5.2.jar:/home/adaj/.m2/repository/org/junit/platform/junit-platform-engine/1.5.2/junit-platform-engine-1.5.2.jar:/home/adaj/.m2/repository/org/mockito/mockito-junit-jupiter/3.0.0/mockito-junit-jupiter-3.0.0.jar:/home/adaj/.m2/repository/org/assertj/assertj-core/3.13.2/assertj-core-3.13.2.jar:/home/adaj/.m2/repository/org/hamcrest/hamcrest/2.1/hamcrest-2.1.jar:/home/adaj/.m2/repository/org/mockito/mockito-core/3.0.0/mockito-core-3.0.0.jar:/home/adaj/.m2/repository/net/bytebuddy/byte-buddy/1.10.1/byte-buddy-1.10.1.jar:/home/adaj/.m2/repository/net/bytebuddy/byte-buddy-agent/1.10.1/byte-buddy-agent-1.10.1.jar:/home/adaj/.m2/repository/org/objenesis/objenesis/2.6/objenesis-2.6.jar:/home/adaj/.m2/repository/org/skyscreamer/jsonassert/1.5.0/jsonassert-1.5.0.jar:/home/adaj/.m2/repository/com/vaadin/external/google/android-json/0.0.20131108.vaadin1/android-json-0.0.20131108.vaadin1.jar:/home/adaj/.m2/repository/org/springframework/spring-core/5.2.0.RC2/spring-core-5.2.0.RC2.jar:/home/adaj/.m2/repository/org/springframework/spring-jcl/5.2.0.RC2/spring-jcl-5.2.0.RC2.jar:/home/adaj/.m2/repository/org/springframework/spring-test/5.2.0.RC2/spring-test-5.2.0.RC2.jar:/home/adaj/.m2/repository/org/xmlunit/xmlunit-core/2.6.3/xmlunit-core-2.6.3.jar:"/>
    <property name="java.vm.vendor" value="Oracle Corporation"/>
    <property name="sun.arch.data.model" value="64"/>
    <property name="java.vendor.url" value="http://java.oracle.com/"/>
    <property name="user.timezone" value=""/>
    <property name="java.vm.specification.version" value="1.8"/>
    <property name="os.name" value="Linux"/>
    <property name="user.country" value="US"/>
    <property name="sun.java.launcher" value="SUN_STANDARD"/>
    <property name="sun.boot.library.path" value="/usr/java/jdk1.8.0_221-amd64/jre/lib/amd64"/>
    <property name="sun.java.command" value="/home/adaj/Projects/java-deeplearning-api-demo/target/surefire/surefirebooter1435928817191299364.jar /home/adaj/Projects/java-deeplearning-api-demo/target/surefire 2019-09-18T10-17-31_936-jvmRun1 surefire709462923638140689tmp surefire_02388297169673525405tmp"/>
    <property name="surefire.test.class.path" value="/home/adaj/Projects/java-deeplearning-api-demo/target/test-classes:/home/adaj/Projects/java-deeplearning-api-demo/target/classes:/home/adaj/.m2/repository/org/springframework/boot/spring-boot-starter-web/2.2.0.M6/spring-boot-starter-web-2.2.0.M6.jar:/home/adaj/.m2/repository/org/springframework/boot/spring-boot-starter/2.2.0.M6/spring-boot-starter-2.2.0.M6.jar:/home/adaj/.m2/repository/org/springframework/boot/spring-boot/2.2.0.M6/spring-boot-2.2.0.M6.jar:/home/adaj/.m2/repository/org/springframework/boot/spring-boot-autoconfigure/2.2.0.M6/spring-boot-autoconfigure-2.2.0.M6.jar:/home/adaj/.m2/repository/org/springframework/boot/spring-boot-starter-logging/2.2.0.M6/spring-boot-starter-logging-2.2.0.M6.jar:/home/adaj/.m2/repository/ch/qos/logback/logback-classic/1.2.3/logback-classic-1.2.3.jar:/home/adaj/.m2/repository/ch/qos/logback/logback-core/1.2.3/logback-core-1.2.3.jar:/home/adaj/.m2/repository/org/apache/logging/log4j/log4j-to-slf4j/2.12.1/log4j-to-slf4j-2.12.1.jar:/home/adaj/.m2/repository/org/apache/logging/log4j/log4j-api/2.12.1/log4j-api-2.12.1.jar:/home/adaj/.m2/repository/org/slf4j/jul-to-slf4j/1.7.28/jul-to-slf4j-1.7.28.jar:/home/adaj/.m2/repository/jakarta/annotation/jakarta.annotation-api/1.3.5/jakarta.annotation-api-1.3.5.jar:/home/adaj/.m2/repository/org/yaml/snakeyaml/1.25/snakeyaml-1.25.jar:/home/adaj/.m2/repository/org/springframework/boot/spring-boot-starter-json/2.2.0.M6/spring-boot-starter-json-2.2.0.M6.jar:/home/adaj/.m2/repository/com/fasterxml/jackson/core/jackson-databind/2.9.9.3/jackson-databind-2.9.9.3.jar:/home/adaj/.m2/repository/com/fasterxml/jackson/core/jackson-annotations/2.9.0/jackson-annotations-2.9.0.jar:/home/adaj/.m2/repository/com/fasterxml/jackson/core/jackson-core/2.9.9/jackson-core-2.9.9.jar:/home/adaj/.m2/repository/com/fasterxml/jackson/datatype/jackson-datatype-jdk8/2.9.9/jackson-datatype-jdk8-2.9.9.jar:/home/adaj/.m2/repository/com/fasterxml/jackson/datatype/jackson-datatype-jsr310/2.9.9/jackson-datatype-jsr310-2.9.9.jar:/home/adaj/.m2/repository/com/fasterxml/jackson/module/jackson-module-parameter-names/2.9.9/jackson-module-parameter-names-2.9.9.jar:/home/adaj/.m2/repository/org/springframework/boot/spring-boot-starter-tomcat/2.2.0.M6/spring-boot-starter-tomcat-2.2.0.M6.jar:/home/adaj/.m2/repository/org/apache/tomcat/embed/tomcat-embed-core/9.0.24/tomcat-embed-core-9.0.24.jar:/home/adaj/.m2/repository/org/apache/tomcat/embed/tomcat-embed-el/9.0.24/tomcat-embed-el-9.0.24.jar:/home/adaj/.m2/repository/org/apache/tomcat/embed/tomcat-embed-websocket/9.0.24/tomcat-embed-websocket-9.0.24.jar:/home/adaj/.m2/repository/org/springframework/boot/spring-boot-starter-validation/2.2.0.M6/spring-boot-starter-validation-2.2.0.M6.jar:/home/adaj/.m2/repository/jakarta/validation/jakarta.validation-api/2.0.1/jakarta.validation-api-2.0.1.jar:/home/adaj/.m2/repository/org/hibernate/validator/hibernate-validator/6.0.17.Final/hibernate-validator-6.0.17.Final.jar:/home/adaj/.m2/repository/org/jboss/logging/jboss-logging/3.4.1.Final/jboss-logging-3.4.1.Final.jar:/home/adaj/.m2/repository/com/fasterxml/classmate/1.5.0/classmate-1.5.0.jar:/home/adaj/.m2/repository/org/springframework/spring-web/5.2.0.RC2/spring-web-5.2.0.RC2.jar:/home/adaj/.m2/repository/org/springframework/spring-beans/5.2.0.RC2/spring-beans-5.2.0.RC2.jar:/home/adaj/.m2/repository/org/springframework/spring-webmvc/5.2.0.RC2/spring-webmvc-5.2.0.RC2.jar:/home/adaj/.m2/repository/org/springframework/spring-aop/5.2.0.RC2/spring-aop-5.2.0.RC2.jar:/home/adaj/.m2/repository/org/springframework/spring-context/5.2.0.RC2/spring-context-5.2.0.RC2.jar:/home/adaj/.m2/repository/org/springframework/spring-expression/5.2.0.RC2/spring-expression-5.2.0.RC2.jar:/home/adaj/.m2/repository/org/springframework/boot/spring-boot-starter-test/2.2.0.M6/spring-boot-starter-test-2.2.0.M6.jar:/home/adaj/.m2/repository/org/springframework/boot/spring-boot-test/2.2.0.M6/spring-boot-test-2.2.0.M6.jar:/home/adaj/.m2/repository/org/springframework/boot/spring-boot-test-autoconfigure/2.2.0.M6/spring-boot-test-autoconfigure-2.2.0.M6.jar:/home/adaj/.m2/repository/com/jayway/jsonpath/json-path/2.4.0/json-path-2.4.0.jar:/home/adaj/.m2/repository/net/minidev/json-smart/2.3/json-smart-2.3.jar:/home/adaj/.m2/repository/net/minidev/accessors-smart/1.2/accessors-smart-1.2.jar:/home/adaj/.m2/repository/org/ow2/asm/asm/5.0.4/asm-5.0.4.jar:/home/adaj/.m2/repository/org/slf4j/slf4j-api/1.7.28/slf4j-api-1.7.28.jar:/home/adaj/.m2/repository/jakarta/xml/bind/jakarta.xml.bind-api/2.3.2/jakarta.xml.bind-api-2.3.2.jar:/home/adaj/.m2/repository/jakarta/activation/jakarta.activation-api/1.2.1/jakarta.activation-api-1.2.1.jar:/home/adaj/.m2/repository/org/junit/jupiter/junit-jupiter/5.5.2/junit-jupiter-5.5.2.jar:/home/adaj/.m2/repository/org/junit/jupiter/junit-jupiter-api/5.5.2/junit-jupiter-api-5.5.2.jar:/home/adaj/.m2/repository/org/apiguardian/apiguardian-api/1.1.0/apiguardian-api-1.1.0.jar:/home/adaj/.m2/repository/org/opentest4j/opentest4j/1.2.0/opentest4j-1.2.0.jar:/home/adaj/.m2/repository/org/junit/platform/junit-platform-commons/1.5.2/junit-platform-commons-1.5.2.jar:/home/adaj/.m2/repository/org/junit/jupiter/junit-jupiter-params/5.5.2/junit-jupiter-params-5.5.2.jar:/home/adaj/.m2/repository/org/junit/jupiter/junit-jupiter-engine/5.5.2/junit-jupiter-engine-5.5.2.jar:/home/adaj/.m2/repository/org/junit/platform/junit-platform-engine/1.5.2/junit-platform-engine-1.5.2.jar:/home/adaj/.m2/repository/org/mockito/mockito-junit-jupiter/3.0.0/mockito-junit-jupiter-3.0.0.jar:/home/adaj/.m2/repository/org/assertj/assertj-core/3.13.2/assertj-core-3.13.2.jar:/home/adaj/.m2/repository/org/hamcrest/hamcrest/2.1/hamcrest-2.1.jar:/home/adaj/.m2/repository/org/mockito/mockito-core/3.0.0/mockito-core-3.0.0.jar:/home/adaj/.m2/repository/net/bytebuddy/byte-buddy/1.10.1/byte-buddy-1.10.1.jar:/home/adaj/.m2/repository/net/bytebuddy/byte-buddy-agent/1.10.1/byte-buddy-agent-1.10.1.jar:/home/adaj/.m2/repository/org/objenesis/objenesis/2.6/objenesis-2.6.jar:/home/adaj/.m2/repository/org/skyscreamer/jsonassert/1.5.0/jsonassert-1.5.0.jar:/home/adaj/.m2/repository/com/vaadin/external/google/android-json/0.0.20131108.vaadin1/android-json-0.0.20131108.vaadin1.jar:/home/adaj/.m2/repository/org/springframework/spring-core/5.2.0.RC2/spring-core-5.2.0.RC2.jar:/home/adaj/.m2/repository/org/springframework/spring-jcl/5.2.0.RC2/spring-jcl-5.2.0.RC2.jar:/home/adaj/.m2/repository/org/springframework/spring-test/5.2.0.RC2/spring-test-5.2.0.RC2.jar:/home/adaj/.m2/repository/org/xmlunit/xmlunit-core/2.6.3/xmlunit-core-2.6.3.jar:"/>
    <property name="sun.cpu.endian" value="little"/>
    <property name="user.home" value="/home/adaj"/>
    <property name="user.language" value="en"/>
    <property name="java.specification.vendor" value="Oracle Corporation"/>
    <property name="java.home" value="/usr/java/jdk1.8.0_221-amd64/jre"/>
    <property name="basedir" value="/home/adaj/Projects/java-deeplearning-api-demo"/>
    <property name="file.separator" value="/"/>
    <property name="line.separator" value="&#10;"/>
    <property name="java.vm.specification.vendor" value="Oracle Corporation"/>
    <property name="java.specification.name" value="Java Platform API Specification"/>
    <property name="java.awt.graphicsenv" value="sun.awt.X11GraphicsEnvironment"/>
    <property name="surefire.real.class.path" value="/home/adaj/Projects/java-deeplearning-api-demo/target/surefire/surefirebooter1435928817191299364.jar"/>
    <property name="sun.boot.class.path" value="/usr/java/jdk1.8.0_221-amd64/jre/lib/resources.jar:/usr/java/jdk1.8.0_221-amd64/jre/lib/rt.jar:/usr/java/jdk1.8.0_221-amd64/jre/lib/sunrsasign.jar:/usr/java/jdk1.8.0_221-amd64/jre/lib/jsse.jar:/usr/java/jdk1.8.0_221-amd64/jre/lib/jce.jar:/usr/java/jdk1.8.0_221-amd64/jre/lib/charsets.jar:/usr/java/jdk1.8.0_221-amd64/jre/lib/jfr.jar:/usr/java/jdk1.8.0_221-amd64/jre/classes"/>
    <property name="sun.management.compiler" value="HotSpot 64-Bit Tiered Compilers"/>
    <property name="java.runtime.version" value="1.8.0_221-b11"/>
    <property name="user.name" value="adaj"/>
    <property name="path.separator" value=":"/>
    <property name="os.version" value="3.10.0-957.21.3.el7.x86_64"/>
    <property name="java.endorsed.dirs" value="/usr/java/jdk1.8.0_221-amd64/jre/lib/endorsed"/>
    <property name="java.runtime.name" value="Java(TM) SE Runtime Environment"/>
    <property name="file.encoding" value="UTF-8"/>
    <property name="java.vm.name" value="Java HotSpot(TM) 64-Bit Server VM"/>
    <property name="localRepository" value="/home/adaj/.m2/repository"/>
    <property name="java.vendor.url.bug" value="http://bugreport.sun.com/bugreport/"/>
    <property name="java.io.tmpdir" value="/tmp"/>
    <property name="java.version" value="1.8.0_221"/>
    <property name="user.dir" value="/home/adaj/Projects/java-deeplearning-api-demo"/>
    <property name="os.arch" value="amd64"/>
    <property name="java.vm.specification.name" value="Java Virtual Machine Specification"/>
    <property name="java.awt.printerjob" value="sun.print.PSPrinterJob"/>
    <property name="sun.os.patch.level" value="unknown"/>
    <property name="java.library.path" value="/tmp/.mount_hyper-N4R898/usr/lib::/usr/java/packages/lib/amd64:/usr/lib64:/lib64:/lib:/usr/lib"/>
    <property name="java.vm.info" value="mixed mode"/>
    <property name="java.vendor" value="Oracle Corporation"/>
    <property name="java.vm.version" value="25.221-b11"/>
    <property name="java.ext.dirs" value="/usr/java/jdk1.8.0_221-amd64/jre/lib/ext:/usr/java/packages/lib/ext"/>
    <property name="sun.io.unicode.encoding" value="UnicodeLittle"/>
    <property name="java.class.version" value="52.0"/>
  </properties>
  <testcase name="contextLoads" classname="com.ml.java.demo.DemoApplicationTests" time="0.297"/>
</testsuite>